This is pdfTeX, Version 3.1415926-2.5-1.40.14 (MiKTeX 2.9) (preloaded format=pdflatex 2015.8.24)  24 AUG 2015 16:07
entering extended mode
**Z:/Versterker/documentation/document/document.tex
(Z:/Versterker/documentation/document/document.tex
LaTeX2e <2014/05/01>
Babel <3.9k> and hyphenation patterns for 68 languages loaded.
("C:\Program Files (x86)\MiKTeX 2.9\tex\latex\base\article.cls"
Document Class: article 2007/10/19 v1.4h Standard LaTeX document class
("C:\Program Files (x86)\MiKTeX 2.9\tex\latex\base\size10.clo"
File: size10.clo 2007/10/19 v1.4h Standard LaTeX file (size option)
)
\c@part=\count79
\c@section=\count80
\c@subsection=\count81
\c@subsubsection=\count82
\c@paragraph=\count83
\c@subparagraph=\count84
\c@figure=\count85
\c@table=\count86
\abovecaptionskip=\skip41
\belowcaptionskip=\skip42
\bibindent=\dimen102
)
("C:\Program Files (x86)\MiKTeX 2.9\tex\latex\geometry\geometry.sty"
Package: geometry 2010/09/12 v5.6 Page Geometry

("C:\Program Files (x86)\MiKTeX 2.9\tex\latex\graphics\keyval.sty"
Package: keyval 2014/05/08 v1.15 key=value parser (DPC)
\KV@toks@=\toks14
)
("C:\Program Files (x86)\MiKTeX 2.9\tex\generic\oberdiek\ifpdf.sty"
Package: ifpdf 2011/01/30 v2.3 Provides the ifpdf switch (HO)
Package ifpdf Info: pdfTeX in PDF mode is detected.
)
("C:\Program Files (x86)\MiKTeX 2.9\tex\generic\oberdiek\ifvtex.sty"
Package: ifvtex 2010/03/01 v1.5 Detect VTeX and its facilities (HO)
Package ifvtex Info: VTeX not detected.
)
("C:\Program Files (x86)\MiKTeX 2.9\tex\generic\ifxetex\ifxetex.sty"
Package: ifxetex 2010/09/12 v0.6 Provides ifxetex conditional
)
\Gm@cnth=\count87
\Gm@cntv=\count88
\c@Gm@tempcnt=\count89
\Gm@bindingoffset=\dimen103
\Gm@wd@mp=\dimen104
\Gm@odd@mp=\dimen105
\Gm@even@mp=\dimen106
\Gm@layoutwidth=\dimen107
\Gm@layoutheight=\dimen108
\Gm@layouthoffset=\dimen109
\Gm@layoutvoffset=\dimen110
\Gm@dimlist=\toks15

("C:\Program Files (x86)\MiKTeX 2.9\tex\latex\geometry\geometry.cfg"))
("C:\Program Files (x86)\MiKTeX 2.9\tex\latex\base\fontenc.sty"
Package: fontenc 2005/09/27 v1.99g Standard LaTeX package

("C:\Program Files (x86)\MiKTeX 2.9\tex\latex\base\t1enc.def"
File: t1enc.def 2005/09/27 v1.99g Standard LaTeX file
LaTeX Font Info:    Redeclaring font encoding T1 on input line 43.
))
("C:\Program Files (x86)\MiKTeX 2.9\tex\latex\babel\babel.sty"
Package: babel 2014/03/24 3.9k The Babel package

*************************************
* Local config file bblopts.cfg used
*
("C:\Program Files (x86)\MiKTeX 2.9\tex\latex\00miktex\bblopts.cfg"
File: bblopts.cfg 2006/07/31 v1.0 MiKTeX 'babel' configuration
)
("d:\jules.hammenecker\Application Data\MiKTeX\2.9\tex\latex\babel-dutch\dutch.
ldf"
Language: dutch 2005/03/30 v3.8i Dutch support from the babel system
 ("C:\Program Files (x86)\MiKTeX 2.9\tex\latex\babel\babel.def"
File: babel.def 2014/03/24 3.9k Babel common definitions
\babel@savecnt=\count90
\U@D=\dimen111
)
Package babel Info: Making " an active character on input line 132.
))
("C:\Program Files (x86)\MiKTeX 2.9\tex\latex\amsmath\amsmath.sty"
Package: amsmath 2013/01/14 v2.14 AMS math features
\@mathmargin=\skip43

For additional information on amsmath, use the `?' option.
("C:\Program Files (x86)\MiKTeX 2.9\tex\latex\amsmath\amstext.sty"
Package: amstext 2000/06/29 v2.01

("C:\Program Files (x86)\MiKTeX 2.9\tex\latex\amsmath\amsgen.sty"
File: amsgen.sty 1999/11/30 v2.0
\@emptytoks=\toks16
\ex@=\dimen112
))
("C:\Program Files (x86)\MiKTeX 2.9\tex\latex\amsmath\amsbsy.sty"
Package: amsbsy 1999/11/29 v1.2d
\pmbraise@=\dimen113
)
("C:\Program Files (x86)\MiKTeX 2.9\tex\latex\amsmath\amsopn.sty"
Package: amsopn 1999/12/14 v2.01 operator names
)
\inf@bad=\count91
LaTeX Info: Redefining \frac on input line 210.
\uproot@=\count92
\leftroot@=\count93
LaTeX Info: Redefining \overline on input line 306.
\classnum@=\count94
\DOTSCASE@=\count95
LaTeX Info: Redefining \ldots on input line 378.
LaTeX Info: Redefining \dots on input line 381.
LaTeX Info: Redefining \cdots on input line 466.
\Mathstrutbox@=\box26
\strutbox@=\box27
\big@size=\dimen114
LaTeX Font Info:    Redeclaring font encoding OML on input line 566.
LaTeX Font Info:    Redeclaring font encoding OMS on input line 567.
\macc@depth=\count96
\c@MaxMatrixCols=\count97
\dotsspace@=\muskip10
\c@parentequation=\count98
\dspbrk@lvl=\count99
\tag@help=\toks17
\row@=\count100
\column@=\count101
\maxfields@=\count102
\andhelp@=\toks18
\eqnshift@=\dimen115
\alignsep@=\dimen116
\tagshift@=\dimen117
\tagwidth@=\dimen118
\totwidth@=\dimen119
\lineht@=\dimen120
\@envbody=\toks19
\multlinegap=\skip44
\multlinetaggap=\skip45
\mathdisplay@stack=\toks20
LaTeX Info: Redefining \[ on input line 2665.
LaTeX Info: Redefining \] on input line 2666.
)
\c@DIY=\count103

("C:\Program Files (x86)\MiKTeX 2.9\tex\latex\tools\multicol.sty"
Package: multicol 2014/06/19 v1.8f multicolumn formatting (FMi)
\c@tracingmulticols=\count104
\mult@box=\box28
\multicol@leftmargin=\dimen121
\c@unbalance=\count105
\c@collectmore=\count106
\doublecol@number=\count107
\multicoltolerance=\count108
\multicolpretolerance=\count109
\full@width=\dimen122
\page@free=\dimen123
\premulticols=\dimen124
\postmulticols=\dimen125
\multicolsep=\skip46
\multicolbaselineskip=\skip47
\partial@page=\box29
\last@line=\box30
\maxbalancingoverflow=\dimen126
\mult@rightbox=\box31
\mult@grightbox=\box32
\mult@gfirstbox=\box33
\mult@firstbox=\box34
\@tempa=\box35
\@tempa=\box36
\@tempa=\box37
\@tempa=\box38
\@tempa=\box39
\@tempa=\box40
\@tempa=\box41
\@tempa=\box42
\@tempa=\box43
\@tempa=\box44
\@tempa=\box45
\@tempa=\box46
\@tempa=\box47
\@tempa=\box48
\@tempa=\box49
\@tempa=\box50
\@tempa=\box51
\c@columnbadness=\count110
\c@finalcolumnbadness=\count111
\last@try=\dimen127
\multicolovershoot=\dimen128
\multicolundershoot=\dimen129
\mult@nat@firstbox=\box52
\colbreak@box=\box53
\mc@col@check@num=\count112
)
("C:\Program Files (x86)\MiKTeX 2.9\tex\latex\graphics\graphicx.sty"
Package: graphicx 2014/04/25 v1.0g Enhanced LaTeX Graphics (DPC,SPQR)

("C:\Program Files (x86)\MiKTeX 2.9\tex\latex\graphics\graphics.sty"
Package: graphics 2009/02/05 v1.0o Standard LaTeX Graphics (DPC,SPQR)

("C:\Program Files (x86)\MiKTeX 2.9\tex\latex\graphics\trig.sty"
Package: trig 1999/03/16 v1.09 sin cos tan (DPC)
)
("C:\Program Files (x86)\MiKTeX 2.9\tex\latex\00miktex\graphics.cfg"
File: graphics.cfg 2007/01/18 v1.5 graphics configuration of teTeX/TeXLive
)
Package graphics Info: Driver file: pdftex.def on input line 91.

("C:\Program Files (x86)\MiKTeX 2.9\tex\latex\pdftex-def\pdftex.def"
File: pdftex.def 2011/05/27 v0.06d Graphics/color for pdfTeX

("C:\Program Files (x86)\MiKTeX 2.9\tex\generic\oberdiek\infwarerr.sty"
Package: infwarerr 2010/04/08 v1.3 Providing info/warning/error messages (HO)
)
("C:\Program Files (x86)\MiKTeX 2.9\tex\generic\oberdiek\ltxcmds.sty"
Package: ltxcmds 2011/11/09 v1.22 LaTeX kernel commands for general use (HO)
)
\Gread@gobject=\count113
))
\Gin@req@height=\dimen130
\Gin@req@width=\dimen131
)
("C:\Program Files (x86)\MiKTeX 2.9\tex\latex\caption\caption.sty"
Package: caption 2013/05/02 v3.3-89 Customizing captions (AR)

("C:\Program Files (x86)\MiKTeX 2.9\tex\latex\caption\caption3.sty"
Package: caption3 2013/05/02 v1.6-88 caption3 kernel (AR)
Package caption3 Info: TeX engine: e-TeX on input line 57.
\captionmargin=\dimen132
\captionmargin@=\dimen133
\captionwidth=\dimen134
\caption@tempdima=\dimen135
\caption@indent=\dimen136
\caption@parindent=\dimen137
\caption@hangindent=\dimen138
)
\c@ContinuedFloat=\count114
)
("C:\Program Files (x86)\MiKTeX 2.9\tex\latex\caption\subcaption.sty"
Package: subcaption 2013/02/03 v1.1-62 Sub-captions (AR)
\c@subfigure=\count115
\c@subtable=\count116
)
("C:\Program Files (x86)\MiKTeX 2.9\tex\latex\hyperref\hyperref.sty"
Package: hyperref 2012/11/06 v6.83m Hypertext links for LaTeX

("C:\Program Files (x86)\MiKTeX 2.9\tex\generic\oberdiek\hobsub-hyperref.sty"
Package: hobsub-hyperref 2012/04/25 v1.12 Bundle oberdiek, subset hyperref (HO)


("C:\Program Files (x86)\MiKTeX 2.9\tex\generic\oberdiek\hobsub-generic.sty"
Package: hobsub-generic 2012/04/25 v1.12 Bundle oberdiek, subset generic (HO)
Package: hobsub 2012/04/25 v1.12 Construct package bundles (HO)
Package hobsub Info: Skipping package `infwarerr' (already loaded).
Package hobsub Info: Skipping package `ltxcmds' (already loaded).
Package: ifluatex 2010/03/01 v1.3 Provides the ifluatex switch (HO)
Package ifluatex Info: LuaTeX not detected.
Package hobsub Info: Skipping package `ifvtex' (already loaded).
Package: intcalc 2007/09/27 v1.1 Expandable calculations with integers (HO)
Package hobsub Info: Skipping package `ifpdf' (already loaded).
Package: etexcmds 2011/02/16 v1.5 Avoid name clashes with e-TeX commands (HO)
Package etexcmds Info: Could not find \expanded.
(etexcmds)             That can mean that you are not using pdfTeX 1.50 or
(etexcmds)             that some package has redefined \expanded.
(etexcmds)             In the latter case, load this package earlier.
Package: kvsetkeys 2012/04/25 v1.16 Key value parser (HO)
Package: kvdefinekeys 2011/04/07 v1.3 Define keys (HO)
Package: pdftexcmds 2011/11/29 v0.20 Utility functions of pdfTeX for LuaTeX (HO
)
Package pdftexcmds Info: LuaTeX not detected.
Package pdftexcmds Info: \pdf@primitive is available.
Package pdftexcmds Info: \pdf@ifprimitive is available.
Package pdftexcmds Info: \pdfdraftmode found.
Package: pdfescape 2011/11/25 v1.13 Implements pdfTeX's escape features (HO)
Package: bigintcalc 2012/04/08 v1.3 Expandable calculations on big integers (HO
)
Package: bitset 2011/01/30 v1.1 Handle bit-vector datatype (HO)
Package: uniquecounter 2011/01/30 v1.2 Provide unlimited unique counter (HO)
)
Package hobsub Info: Skipping package `hobsub' (already loaded).
Package: letltxmacro 2010/09/02 v1.4 Let assignment for LaTeX macros (HO)
Package: hopatch 2011/06/24 v1.1 Wrapper for package hooks (HO)
Package: xcolor-patch 2011/01/30 xcolor patch
Package: atveryend 2011/06/30 v1.8 Hooks at the very end of document (HO)
Package atveryend Info: \enddocument detected (standard20110627).
Package: atbegshi 2011/10/05 v1.16 At begin shipout hook (HO)
Package: refcount 2011/10/16 v3.4 Data extraction from label references (HO)
Package: hycolor 2011/01/30 v1.7 Color options for hyperref/bookmark (HO)
)
("C:\Program Files (x86)\MiKTeX 2.9\tex\latex\oberdiek\auxhook.sty"
Package: auxhook 2011/03/04 v1.3 Hooks for auxiliary files (HO)
)
("C:\Program Files (x86)\MiKTeX 2.9\tex\latex\oberdiek\kvoptions.sty"
Package: kvoptions 2011/06/30 v3.11 Key value format for package options (HO)
)
\@linkdim=\dimen139
\Hy@linkcounter=\count117
\Hy@pagecounter=\count118

("C:\Program Files (x86)\MiKTeX 2.9\tex\latex\hyperref\pd1enc.def"
File: pd1enc.def 2012/11/06 v6.83m Hyperref: PDFDocEncoding definition (HO)
)
\Hy@SavedSpaceFactor=\count119

("C:\Program Files (x86)\MiKTeX 2.9\tex\latex\00miktex\hyperref.cfg"
File: hyperref.cfg 2002/06/06 v1.2 hyperref configuration of TeXLive
)
Package hyperref Info: Hyper figures OFF on input line 4443.
Package hyperref Info: Link nesting OFF on input line 4448.
Package hyperref Info: Hyper index ON on input line 4451.
Package hyperref Info: Plain pages OFF on input line 4458.
Package hyperref Info: Backreferencing OFF on input line 4463.
Package hyperref Info: Implicit mode ON; LaTeX internals redefined.
Package hyperref Info: Bookmarks ON on input line 4688.
\c@Hy@tempcnt=\count120

("C:\Program Files (x86)\MiKTeX 2.9\tex\latex\url\url.sty"
\Urlmuskip=\muskip11
Package: url 2013/09/16  ver 3.4  Verb mode for urls, etc.
)
LaTeX Info: Redefining \url on input line 5041.
\XeTeXLinkMargin=\dimen140
\Fld@menulength=\count121
\Field@Width=\dimen141
\Fld@charsize=\dimen142
Package hyperref Info: Hyper figures OFF on input line 6295.
Package hyperref Info: Link nesting OFF on input line 6300.
Package hyperref Info: Hyper index ON on input line 6303.
Package hyperref Info: backreferencing OFF on input line 6310.
Package hyperref Info: Link coloring OFF on input line 6315.
Package hyperref Info: Link coloring with OCG OFF on input line 6320.
Package hyperref Info: PDF/A mode OFF on input line 6325.
LaTeX Info: Redefining \ref on input line 6365.
LaTeX Info: Redefining \pageref on input line 6369.
\Hy@abspage=\count122
\c@Item=\count123
\c@Hfootnote=\count124
)

Package hyperref Message: Driver (autodetected): hpdftex.

("C:\Program Files (x86)\MiKTeX 2.9\tex\latex\hyperref\hpdftex.def"
File: hpdftex.def 2012/11/06 v6.83m Hyperref driver for pdfTeX
\Fld@listcount=\count125
\c@bookmark@seq@number=\count126

("C:\Program Files (x86)\MiKTeX 2.9\tex\latex\oberdiek\rerunfilecheck.sty"
Package: rerunfilecheck 2011/04/15 v1.7 Rerun checks for auxiliary files (HO)
Package uniquecounter Info: New unique counter `rerunfilecheck' on input line 2
82.
)
\Hy@SectionHShift=\skip48
)
(Z:\Versterker\documentation\document\document.aux)
LaTeX Font Info:    Checking defaults for OML/cmm/m/it on input line 26.
LaTeX Font Info:    ... okay on input line 26.
LaTeX Font Info:    Checking defaults for T1/cmr/m/n on input line 26.
LaTeX Font Info:    ... okay on input line 26.
LaTeX Font Info:    Checking defaults for OT1/cmr/m/n on input line 26.
LaTeX Font Info:    ... okay on input line 26.
LaTeX Font Info:    Checking defaults for OMS/cmsy/m/n on input line 26.
LaTeX Font Info:    ... okay on input line 26.
LaTeX Font Info:    Checking defaults for OMX/cmex/m/n on input line 26.
LaTeX Font Info:    ... okay on input line 26.
LaTeX Font Info:    Checking defaults for U/cmr/m/n on input line 26.
LaTeX Font Info:    ... okay on input line 26.
LaTeX Font Info:    Checking defaults for PD1/pdf/m/n on input line 26.
LaTeX Font Info:    ... okay on input line 26.

*geometry* driver: auto-detecting
*geometry* detected driver: pdftex
*geometry* verbose mode - [ preamble ] result:
* driver: pdftex
* paper: a4paper
* layout: <same size as paper>
* layoutoffset:(h,v)=(0.0pt,0.0pt)
* modes: 
* h-part:(L,W,R)=(89.62709pt, 418.25368pt, 89.6271pt)
* v-part:(T,H,B)=(101.40665pt, 591.5302pt, 152.11pt)
* \paperwidth=597.50787pt
* \paperheight=845.04684pt
* \textwidth=418.25368pt
* \textheight=591.5302pt
* \oddsidemargin=17.3571pt
* \evensidemargin=17.3571pt
* \topmargin=-7.86334pt
* \headheight=12.0pt
* \headsep=25.0pt
* \topskip=10.0pt
* \footskip=30.0pt
* \marginparwidth=65.0pt
* \marginparsep=11.0pt
* \columnsep=10.0pt
* \skip\footins=9.0pt plus 4.0pt minus 2.0pt
* \hoffset=0.0pt
* \voffset=0.0pt
* \mag=1000
* \@twocolumnfalse
* \@twosidefalse
* \@mparswitchfalse
* \@reversemarginfalse
* (1in=72.27pt=25.4mm, 1cm=28.453pt)

("C:\Program Files (x86)\MiKTeX 2.9\tex\context\base\supp-pdf.mkii"
[Loading MPS to PDF converter (version 2006.09.02).]
\scratchcounter=\count127
\scratchdimen=\dimen143
\scratchbox=\box54
\nofMPsegments=\count128
\nofMParguments=\count129
\everyMPshowfont=\toks21
\MPscratchCnt=\count130
\MPscratchDim=\dimen144
\MPnumerator=\count131
\makeMPintoPDFobject=\count132
\everyMPtoPDFconversion=\toks22
)
Package caption Info: Begin \AtBeginDocument code.
Package caption Info: hyperref package is loaded.
Package caption Info: End \AtBeginDocument code.
\AtBeginShipoutBox=\box55
Package hyperref Info: Link coloring OFF on input line 26.
 ("C:\Program Files (x86)\MiKTeX 2.9\tex\latex\hyperref\nameref.sty"
Package: nameref 2012/10/27 v2.43 Cross-referencing by name of section

("C:\Program Files (x86)\MiKTeX 2.9\tex\generic\oberdiek\gettitlestring.sty"
Package: gettitlestring 2010/12/03 v1.4 Cleanup title references (HO)
)
\c@section@level=\count133
)
LaTeX Info: Redefining \ref on input line 26.
LaTeX Info: Redefining \pageref on input line 26.
LaTeX Info: Redefining \nameref on input line 26.

(Z:\Versterker\documentation\document\document.out)
(Z:\Versterker\documentation\document\document.out)
\@outlinefile=\write3

<./figs/foto.jpg, id=75, 284.56313pt x 249.93375pt>
File: ./figs/foto.jpg Graphic file (type jpg)
 <use ./figs/foto.jpg>
Package pdftex.def Info: ./figs/foto.jpg used on input line 32.
(pdftex.def)             Requested size: 334.60422pt x 293.91626pt.
Package babel Info: Redefining dutch shorthand "|
(babel)             in language  on input line 37.
Package babel Info: Redefining dutch shorthand "~
(babel)             in language  on input line 37.
Package babel Info: Redefining dutch shorthand "|
(babel)             in language  on input line 37.
Package babel Info: Redefining dutch shorthand "~
(babel)             in language  on input line 37.

[1

{C:/Users/jules.hammenecker/AppData/Local/MiKTeX/2.9/pdftex/config/pdftex.map} 
<Z:/Versterker/documentation/document/figs/foto.jpg>]
(Z:\Versterker\documentation\document\document.toc)
\tf@toc=\write4
Package babel Info: Redefining dutch shorthand "|
(babel)             in language  on input line 39.
Package babel Info: Redefining dutch shorthand "~
(babel)             in language  on input line 39.
Package babel Info: Redefining dutch shorthand "|
(babel)             in language  on input line 39.
Package babel Info: Redefining dutch shorthand "~
(babel)             in language  on input line 39.
 [2

]
Package babel Info: Redefining dutch shorthand "|
(babel)             in language  on input line 41.
Package babel Info: Redefining dutch shorthand "~
(babel)             in language  on input line 41.
Package babel Info: Redefining dutch shorthand "|
(babel)             in language  on input line 52.
Package babel Info: Redefining dutch shorthand "~
(babel)             in language  on input line 52.

<./figs/componenten.pdf, id=113, 76.70149pt x 37.15872pt>
File: ./figs/componenten.pdf Graphic file (type pdf)

<use ./figs/componenten.pdf>
Package pdftex.def Info: ./figs/componenten.pdf used on input line 86.
(pdftex.def)             Requested size: 150.57086pt x 72.95813pt.

<./figs/weerstandsdeler.pdf, id=114, 77.5327pt x 53.1877pt>
File: ./figs/weerstandsdeler.pdf Graphic file (type pdf)

<use ./figs/weerstandsdeler.pdf>
Package pdftex.def Info: ./figs/weerstandsdeler.pdf used on input line 93.
(pdftex.def)             Requested size: 150.57086pt x 103.29355pt.
Package babel Info: Redefining dutch shorthand "|
(babel)             in language  on input line 102.
Package babel Info: Redefining dutch shorthand "~
(babel)             in language  on input line 102.
Package babel Info: Redefining dutch shorthand "|
(babel)             in language  on input line 102.
Package babel Info: Redefining dutch shorthand "~
(babel)             in language  on input line 102.
 [3

]
Package babel Info: Redefining dutch shorthand "|
(babel)             in language  on input line 105.
Package babel Info: Redefining dutch shorthand "~
(babel)             in language  on input line 105.

<./figs/weerstand.pdf, id=135, 107.6343pt x 67.3253pt>
File: ./figs/weerstand.pdf Graphic file (type pdf)

<use ./figs/weerstand.pdf>
Package pdftex.def Info: ./figs/weerstand.pdf used on input line 108.
(pdftex.def)             Requested size: 125.47737pt x 78.48674pt.
Package babel Info: Redefining dutch shorthand "|
(babel)             in language  on input line 122.
Package babel Info: Redefining dutch shorthand "~
(babel)             in language  on input line 122.
LaTeX Font Info:    Try loading font information for OMS+cmr on input line 127.


("C:\Program Files (x86)\MiKTeX 2.9\tex\latex\base\omscmr.fd"
File: omscmr.fd 1999/05/25 v2.5h Standard LaTeX font definitions
)
LaTeX Font Info:    Font shape `OMS/cmr/m/n' in size <10> not available
(Font)              Font shape `OMS/cmsy/m/n' tried instead on input line 127.
Package babel Info: Redefining dutch shorthand "|
(babel)             in language  on input line 130.
Package babel Info: Redefining dutch shorthand "~
(babel)             in language  on input line 130.
Package babel Info: Redefining dutch shorthand "|
(babel)             in language  on input line 130.
Package babel Info: Redefining dutch shorthand "~
(babel)             in language  on input line 130.
 [4 <Z:/Versterker/documentation/document/figs/componenten.pdf> <Z:/Versterker/
documentation/document/figs/weerstandsdeler.pdf

pdfTeX warning: pdflatex.EXE (file Z:/Versterker/documentation/document/figs/we
erstandsdeler.pdf): PDF inclusion: multiple pdfs with page group included in a 
single page
> <Z:/Versterker/documentation/document/figs/weerstand.pdf

pdfTeX warning: pdflatex.EXE (file Z:/Versterker/documentation/document/figs/we
erstand.pdf): PDF inclusion: multiple pdfs with page group included in a single
 page
>] <./figs/serie.pdf, id=175, 73.68692pt x 65.84795pt>
File: ./figs/serie.pdf Graphic file (type pdf)
 <use ./figs/serie.pdf>
Package pdftex.def Info: ./figs/serie.pdf used on input line 145.
(pdftex.def)             Requested size: 94.10643pt x 84.10321pt.

<./figs/parallel.pdf, id=176, 100.16617pt x 48.45702pt>
File: ./figs/parallel.pdf Graphic file (type pdf)

<use ./figs/parallel.pdf>
Package pdftex.def Info: ./figs/parallel.pdf used on input line 152.
(pdftex.def)             Requested size: 150.57086pt x 72.848pt.
Package babel Info: Redefining dutch shorthand "|
(babel)             in language  on input line 160.
Package babel Info: Redefining dutch shorthand "~
(babel)             in language  on input line 160.
 <./figs/vc.pdf, id=177, 21.49002pt x 35.33395pt>
File: ./figs/vc.pdf Graphic file (type pdf)

<use ./figs/vc.pdf>
Package pdftex.def Info: ./figs/vc.pdf used on input line 166.
(pdftex.def)             Requested size: 33.45926pt x 55.01775pt.
 <./figs/vt.pdf, id=178, 16.62543pt x 35.33395pt>
File: ./figs/vt.pdf Graphic file (type pdf)

<use ./figs/vt.pdf>
Package pdftex.def Info: ./figs/vt.pdf used on input line 172.
(pdftex.def)             Requested size: 33.45926pt x 71.11198pt.
Package babel Info: Redefining dutch shorthand "|
(babel)             in language  on input line 184.
Package babel Info: Redefining dutch shorthand "~
(babel)             in language  on input line 184.
Package babel Info: Redefining dutch shorthand "|
(babel)             in language  on input line 187.
Package babel Info: Redefining dutch shorthand "~
(babel)             in language  on input line 187.
Package babel Info: Redefining dutch shorthand "|
(babel)             in language  on input line 187.
Package babel Info: Redefining dutch shorthand "~
(babel)             in language  on input line 187.
 [5 <Z:/Versterker/documentation/document/figs/serie.pdf> <Z:/Versterker/docume
ntation/document/figs/parallel.pdf

pdfTeX warning: pdflatex.EXE (file Z:/Versterker/documentation/document/figs/pa
rallel.pdf): PDF inclusion: multiple pdfs with page group included in a single 
page
> <Z:/Versterker/documentation/document/figs/vc.pdf> <Z:/Versterker/documentati
on/document/figs/vt.pdf>]
<./figs/vbweerstand.pdf, id=216, 81.18172pt x 34.84436pt>
File: ./figs/vbweerstand.pdf Graphic file (type pdf)

<use ./figs/vbweerstand.pdf>
Package pdftex.def Info: ./figs/vbweerstand.pdf used on input line 190.
(pdftex.def)             Requested size: 104.56342pt x 44.88081pt.
Package babel Info: Redefining dutch shorthand "|
(babel)             in language  on input line 206.
Package babel Info: Redefining dutch shorthand "~
(babel)             in language  on input line 206.
 <./figs/cap.pdf, id=218, 23.75987pt x 48.66345pt>
File: ./figs/cap.pdf Graphic file (type pdf)

<use ./figs/cap.pdf>
Package pdftex.def Info: ./figs/cap.pdf used on input line 216.
(pdftex.def)             Requested size: 37.642pt x 77.10197pt.
 <./figs/caps.jpg, id=219, 225.84375pt x 150.5625pt>
File: ./figs/caps.jpg Graphic file (type jpg)

<use ./figs/caps.jpg>
Package pdftex.def Info: ./figs/caps.jpg used on input line 222.
(pdftex.def)             Requested size: 150.57086pt x 100.387pt.
Package babel Info: Redefining dutch shorthand "|
(babel)             in language  on input line 232.
Package babel Info: Redefining dutch shorthand "~
(babel)             in language  on input line 232.
Package babel Info: Redefining dutch shorthand "|
(babel)             in language  on input line 232.
Package babel Info: Redefining dutch shorthand "~
(babel)             in language  on input line 232.
 [6 <Z:/Versterker/documentation/document/figs/vbweerstand.pdf> <Z:/Versterker/
documentation/document/figs/cap.pdf

pdfTeX warning: pdflatex.EXE (file Z:/Versterker/documentation/document/figs/ca
p.pdf): PDF inclusion: multiple pdfs with page group included in a single page
> <Z:/Versterker/documentation/document/figs/caps.jpg>]
Package babel Info: Redefining dutch shorthand "|
(babel)             in language  on input line 236.
Package babel Info: Redefining dutch shorthand "~
(babel)             in language  on input line 236.

<./figs/kcl.pdf, id=258, 236.23257pt x 230.03441pt>
File: ./figs/kcl.pdf Graphic file (type pdf)
 <use ./figs/kcl.pdf>
Package pdftex.def Info: ./figs/kcl.pdf used on input line 249.
(pdftex.def)             Requested size: 150.57086pt x 146.62831pt.

<./figs/kvl.pdf, id=259, 90.64397pt x 58.12228pt>
File: ./figs/kvl.pdf Graphic file (type pdf)
 <use ./figs/kvl.pdf>
Package pdftex.def Info: ./figs/kvl.pdf used on input line 256.
(pdftex.def)             Requested size: 169.39043pt x 108.61891pt.

<./figs/gnd.pdf, id=261, 9.35027pt x 7.81586pt>
File: ./figs/gnd.pdf Graphic file (type pdf)
 <use ./figs/gnd.pdf>
Package pdftex.def Info: ./figs/gnd.pdf used on input line 266.
(pdftex.def)             Requested size: 11.96086pt x 9.99756pt.
Package babel Info: Redefining dutch shorthand "|
(babel)             in language  on input line 267.
Package babel Info: Redefining dutch shorthand "~
(babel)             in language  on input line 267.
Package babel Info: Redefining dutch shorthand "|
(babel)             in language  on input line 267.
Package babel Info: Redefining dutch shorthand "~
(babel)             in language  on input line 267.
 [7 <Z:/Versterker/documentation/document/figs/kcl.pdf> <Z:/Versterker/document
ation/document/figs/kvl.pdf

pdfTeX warning: pdflatex.EXE (file Z:/Versterker/documentation/document/figs/kv
l.pdf): PDF inclusion: multiple pdfs with page group included in a single page
>] <./figs/kcl_oef.pdf, id=302, 105.89796pt x 62.5685pt>
File: ./figs/kcl_oef.pdf Graphic file (type pdf)

<use ./figs/kcl_oef.pdf>
Package pdftex.def Info: ./figs/kcl_oef.pdf used on input line 289.
(pdftex.def)             Requested size: 131.74843pt x 77.84665pt.

<./figs/kvl_oef.pdf, id=303, 144.44981pt x 55.37866pt>
File: ./figs/kvl_oef.pdf Graphic file (type pdf)

<use ./figs/kvl_oef.pdf>
Package pdftex.def Info: ./figs/kvl_oef.pdf used on input line 296.
(pdftex.def)             Requested size: 169.39043pt x 64.94485pt.
Package babel Info: Redefining dutch shorthand "|
(babel)             in language  on input line 306.
Package babel Info: Redefining dutch shorthand "~
(babel)             in language  on input line 306.
Package babel Info: Redefining dutch shorthand "|
(babel)             in language  on input line 311.
Package babel Info: Redefining dutch shorthand "~
(babel)             in language  on input line 311.
Package babel Info: Redefining dutch shorthand "|
(babel)             in language  on input line 315.
Package babel Info: Redefining dutch shorthand "~
(babel)             in language  on input line 315.
Package babel Info: Redefining dutch shorthand "|
(babel)             in language  on input line 315.
Package babel Info: Redefining dutch shorthand "~
(babel)             in language  on input line 315.
 [8 <Z:/Versterker/documentation/document/figs/gnd.pdf> <Z:/Versterker/document
ation/document/figs/kcl_oef.pdf

pdfTeX warning: pdflatex.EXE (file Z:/Versterker/documentation/document/figs/kc
l_oef.pdf): PDF inclusion: multiple pdfs with page group included in a single p
age
> <Z:/Versterker/documentation/document/figs/kvl_oef.pdf

pdfTeX warning: pdflatex.EXE (file Z:/Versterker/documentation/document/figs/kv
l_oef.pdf): PDF inclusion: multiple pdfs with page group included in a single p
age
>] <./figs/micro.pdf, id=334, 230.48863pt x 66.7826pt>
File: ./figs/micro.pdf Graphic file (type pdf)
 <use ./figs/micro.pdf>
Package pdftex.def Info: ./figs/micro.pdf used on input line 330.
(pdftex.def)             Requested size: 397.3397pt x 115.13588pt.
Package babel Info: Redefining dutch shorthand "|
(babel)             in language  on input line 337.
Package babel Info: Redefining dutch shorthand "~
(babel)             in language  on input line 337.
File: ./figs/weerstandsdeler.pdf Graphic file (type pdf)

<use ./figs/weerstandsdeler.pdf>
Package pdftex.def Info: ./figs/weerstandsdeler.pdf used on input line 343.
(pdftex.def)             Requested size: 125.47737pt x 86.07918pt.
Package babel Info: Redefining dutch shorthand "|
(babel)             in language  on input line 355.
Package babel Info: Redefining dutch shorthand "~
(babel)             in language  on input line 355.
Package babel Info: Redefining dutch shorthand "|
(babel)             in language  on input line 355.
Package babel Info: Redefining dutch shorthand "~
(babel)             in language  on input line 355.
 [9 <Z:/Versterker/documentation/document/figs/micro.pdf>] <./figs/regelbareR.p
df, id=655, 65.66806pt x 53.20293pt>
File: ./figs/regelbareR.pdf Graphic file (type pdf)

<use ./figs/regelbareR.pdf>
Package pdftex.def Info: ./figs/regelbareR.pdf used on input line 386.
(pdftex.def)             Requested size: 94.10643pt x 76.24683pt.

<./figs/potentiometer.pdf, id=656, 82.95488pt x 31.26997pt>
File: ./figs/potentiometer.pdf Graphic file (type pdf)

<use ./figs/potentiometer.pdf>
Package pdftex.def Info: ./figs/potentiometer.pdf used on input line 393.
(pdftex.def)             Requested size: 150.57086pt x 56.75873pt.
Package babel Info: Redefining dutch shorthand "|
(babel)             in language  on input line 401.
Package babel Info: Redefining dutch shorthand "~
(babel)             in language  on input line 401.
Package babel Info: Redefining dutch shorthand "|
(babel)             in language  on input line 403.
Package babel Info: Redefining dutch shorthand "~
(babel)             in language  on input line 403.
Package babel Info: Redefining dutch shorthand "|
(babel)             in language  on input line 403.
Package babel Info: Redefining dutch shorthand "~
(babel)             in language  on input line 403.
 [10]
<./figs/diode.pdf, id=674, 21.9581pt x 40.09444pt>
File: ./figs/diode.pdf Graphic file (type pdf)
 <use ./figs/diode.pdf>
Package pdftex.def Info: ./figs/diode.pdf used on input line 408.
(pdftex.def)             Requested size: 56.46443pt x 103.10568pt.

<./figs/led.pdf, id=675, 10.483pt x 36.50421pt>
File: ./figs/led.pdf Graphic file (type pdf)
 <use ./figs/led.pdf>
Package pdftex.def Info: ./figs/led.pdf used on input line 415.
(pdftex.def)             Requested size: 18.82243pt x 65.54707pt.

<./figs/diode_grafiek.pdf, id=677, 101.02283pt x 83.44366pt>
File: ./figs/diode_grafiek.pdf Graphic file (type pdf)

<use ./figs/diode_grafiek.pdf>
Package pdftex.def Info: ./figs/diode_grafiek.pdf used on input line 425.
(pdftex.def)             Requested size: 209.12683pt x 172.74765pt.

<./figs/diode_netwerk.pdf, id=679, 92.80435pt x 53.57877pt>
File: ./figs/diode_netwerk.pdf Graphic file (type pdf)

<use ./figs/diode_netwerk.pdf>
Package pdftex.def Info: ./figs/diode_netwerk.pdf used on input line 433.
(pdftex.def)             Requested size: 125.47737pt x 72.44675pt.
Package babel Info: Redefining dutch shorthand "|
(babel)             in language  on input line 442.
Package babel Info: Redefining dutch shorthand "~
(babel)             in language  on input line 442.
Package babel Info: Redefining dutch shorthand "|
(babel)             in language  on input line 442.
Package babel Info: Redefining dutch shorthand "~
(babel)             in language  on input line 442.
 [11 <Z:/Versterker/documentation/document/figs/regelbareR.pdf> <Z:/Versterker/
documentation/document/figs/potentiometer.pdf

pdfTeX warning: pdflatex.EXE (file Z:/Versterker/documentation/document/figs/po
tentiometer.pdf): PDF inclusion: multiple pdfs with page group included in a si
ngle page
> <Z:/Versterker/documentation/document/figs/diode.pdf

pdfTeX warning: pdflatex.EXE (file Z:/Versterker/documentation/document/figs/di
ode.pdf): PDF inclusion: multiple pdfs with page group included in a single pag
e
> <Z:/Versterker/documentation/document/figs/led.pdf

pdfTeX warning: pdflatex.EXE (file Z:/Versterker/documentation/document/figs/le
d.pdf): PDF inclusion: multiple pdfs with page group included in a single page
>]
Package babel Info: Redefining dutch shorthand "|
(babel)             in language  on input line 442.
Package babel Info: Redefining dutch shorthand "~
(babel)             in language  on input line 442.
Package babel Info: Redefining dutch shorthand "|
(babel)             in language  on input line 442.
Package babel Info: Redefining dutch shorthand "~
(babel)             in language  on input line 442.
 [12 <Z:/Versterker/documentation/document/figs/diode_grafiek.pdf> <Z:/Versterk
er/documentation/document/figs/diode_netwerk.pdf

pdfTeX warning: pdflatex.EXE (file Z:/Versterker/documentation/document/figs/di
ode_netwerk.pdf): PDF inclusion: multiple pdfs with page group included in a si
ngle page
>]
Package babel Info: Redefining dutch shorthand "|
(babel)             in language  on input line 452.
Package babel Info: Redefining dutch shorthand "~
(babel)             in language  on input line 452.
 <./figs/watertransistor.pdf, id=834, 76.8115pt x 122.8993pt>
File: ./figs/watertransistor.pdf Graphic file (type pdf)

<use ./figs/watertransistor.pdf>
Package pdftex.def Info: ./figs/watertransistor.pdf used on input line 457.
(pdftex.def)             Requested size: 125.47737pt x 200.78163pt.
Package babel Info: Redefining dutch shorthand "|
(babel)             in language  on input line 465.
Package babel Info: Redefining dutch shorthand "~
(babel)             in language  on input line 465.

<./figs/transistor_VI.pdf, id=836, 68.75124pt x 64.24463pt>
File: ./figs/transistor_VI.pdf Graphic file (type pdf)

<use ./figs/transistor_VI.pdf>
Package pdftex.def Info: ./figs/transistor_VI.pdf used on input line 471.
(pdftex.def)             Requested size: 131.74843pt x 123.11397pt.

<./figs/transistor.pdf, id=837, 41.75209pt x 28.62282pt>
File: ./figs/transistor.pdf Graphic file (type pdf)

<use ./figs/transistor.pdf>
Package pdftex.def Info: ./figs/transistor.pdf used on input line 478.
(pdftex.def)             Requested size: 112.92886pt x 77.42107pt.
Package babel Info: Redefining dutch shorthand "|
(babel)             in language  on input line 486.
Package babel Info: Redefining dutch shorthand "~
(babel)             in language  on input line 486.
Package babel Info: Redefining dutch shorthand "|
(babel)             in language  on input line 486.
Package babel Info: Redefining dutch shorthand "~
(babel)             in language  on input line 486.
 [13 <Z:/Versterker/documentation/document/figs/watertransistor.pdf>]
Package babel Info: Redefining dutch shorthand "|
(babel)             in language  on input line 516.
Package babel Info: Redefining dutch shorthand "~
(babel)             in language  on input line 516.
Package babel Info: Redefining dutch shorthand "|
(babel)             in language  on input line 516.
Package babel Info: Redefining dutch shorthand "~
(babel)             in language  on input line 516.
 [14 <Z:/Versterker/documentation/document/figs/transistor_VI.pdf> <Z:/Versterk
er/documentation/document/figs/transistor.pdf

pdfTeX warning: pdflatex.EXE (file Z:/Versterker/documentation/document/figs/tr
ansistor.pdf): PDF inclusion: multiple pdfs with page group included in a singl
e page
>]
Package babel Info: Redefining dutch shorthand "|
(babel)             in language  on input line 527.
Package babel Info: Redefining dutch shorthand "~
(babel)             in language  on input line 527.
 <./figs/ges.pdf, id=893, 198.56955pt x 101.96182pt>
File: ./figs/ges.pdf Graphic file (type pdf)
 <use ./figs/ges.pdf>
Package pdftex.def Info: ./figs/ges.pdf used on input line 532.
(pdftex.def)             Requested size: 334.60422pt x 171.81743pt.
LaTeX Font Info:    Font shape `OMS/cmr/m/it' in size <10> not available
(Font)              Font shape `OMS/cmsy/m/n' tried instead on input line 554.
Package babel Info: Redefining dutch shorthand "|
(babel)             in language  on input line 557.
Package babel Info: Redefining dutch shorthand "~
(babel)             in language  on input line 557.
Package babel Info: Redefining dutch shorthand "|
(babel)             in language  on input line 557.
Package babel Info: Redefining dutch shorthand "~
(babel)             in language  on input line 557.

[15 <Z:/Versterker/documentation/document/figs/ges.pdf>]
<./figs/golven.pdf, id=916, 228.66382pt x 69.01717pt>
File: ./figs/golven.pdf Graphic file (type pdf)
 <use ./figs/golven.pdf>
Package pdftex.def Info: ./figs/golven.pdf used on input line 586.
(pdftex.def)             Requested size: 397.3397pt x 119.93091pt.
Package babel Info: Redefining dutch shorthand "|
(babel)             in language  on input line 595.
Package babel Info: Redefining dutch shorthand "~
(babel)             in language  on input line 595.
Package babel Info: Redefining dutch shorthand "|
(babel)             in language  on input line 595.
Package babel Info: Redefining dutch shorthand "~
(babel)             in language  on input line 595.

[16 <Z:/Versterker/documentation/document/figs/golven.pdf>]
Package babel Info: Redefining dutch shorthand "|
(babel)             in language  on input line 627.
Package babel Info: Redefining dutch shorthand "~
(babel)             in language  on input line 627.
Package babel Info: Redefining dutch shorthand "|
(babel)             in language  on input line 627.
Package babel Info: Redefining dutch shorthand "~
(babel)             in language  on input line 627.
 [17]
Package babel Info: Redefining dutch shorthand "|
(babel)             in language  on input line 654.
Package babel Info: Redefining dutch shorthand "~
(babel)             in language  on input line 654.

<./figs/IC.jpg, id=959, 337.26pt x 274.02374pt>
File: ./figs/IC.jpg Graphic file (type jpg)
 <use ./figs/IC.jpg>
Package pdftex.def Info: ./figs/IC.jpg used on input line 663.
(pdftex.def)             Requested size: 188.21288pt x 152.9254pt.

<./figs/IC_doorsnede.pdf, id=960, 194.32599pt x 133.26204pt>
File: ./figs/IC_doorsnede.pdf Graphic file (type pdf)

<use ./figs/IC_doorsnede.pdf>
Package pdftex.def Info: ./figs/IC_doorsnede.pdf used on input line 670.
(pdftex.def)             Requested size: 94.10643pt x 64.53642pt.

<./figs/IC_versterker.png, id=961, 160.9212pt x 109.3686pt>
File: ./figs/IC_versterker.png Graphic file (type png)

<use ./figs/IC_versterker.png>
Package pdftex.def Info: ./figs/IC_versterker.png used on input line 682.
(pdftex.def)             Requested size: 250.95476pt x 170.57425pt.
Package babel Info: Redefining dutch shorthand "|
(babel)             in language  on input line 691.
Package babel Info: Redefining dutch shorthand "~
(babel)             in language  on input line 691.
Package babel Info: Redefining dutch shorthand "|
(babel)             in language  on input line 694.
Package babel Info: Redefining dutch shorthand "~
(babel)             in language  on input line 694.
Package babel Info: Redefining dutch shorthand "|
(babel)             in language  on input line 694.
Package babel Info: Redefining dutch shorthand "~
(babel)             in language  on input line 694.
 [18]
Package babel Info: Redefining dutch shorthand "|
(babel)             in language  on input line 694.
Package babel Info: Redefining dutch shorthand "~
(babel)             in language  on input line 694.
Package babel Info: Redefining dutch shorthand "|
(babel)             in language  on input line 694.
Package babel Info: Redefining dutch shorthand "~
(babel)             in language  on input line 694.
 [19 <Z:/Versterker/documentation/document/figs/IC.jpg> <Z:/Versterker/document
ation/document/figs/IC_doorsnede.pdf> <Z:/Versterker/documentation/document/fig
s/IC_versterker.png>]
<./figs/luidspreker.pdf, id=992, 70.59148pt x 45.16945pt>
File: ./figs/luidspreker.pdf Graphic file (type pdf)

<use ./figs/luidspreker.pdf>
Package pdftex.def Info: ./figs/luidspreker.pdf used on input line 697.
(pdftex.def)             Requested size: 125.47737pt x 80.2952pt.
Package babel Info: Redefining dutch shorthand "|
(babel)             in language  on input line 735.
Package babel Info: Redefining dutch shorthand "~
(babel)             in language  on input line 735.

<./figs/volledig_schema.pdf, id=994, 384.06177pt x 80.77292pt>
File: ./figs/volledig_schema.pdf Graphic file (type pdf)

<use ./figs/volledig_schema.pdf>
Package pdftex.def Info: ./figs/volledig_schema.pdf used on input line 740.
(pdftex.def)             Requested size: 418.25368pt x 87.97046pt.
Package babel Info: Redefining dutch shorthand "|
(babel)             in language  on input line 745.
Package babel Info: Redefining dutch shorthand "~
(babel)             in language  on input line 745.
Package babel Info: Redefining dutch shorthand "|
(babel)             in language  on input line 745.
Package babel Info: Redefining dutch shorthand "~
(babel)             in language  on input line 745.
 [20 <Z:/Versterker/documentation/document/figs/luidspreker.pdf>]
Package atveryend Info: Empty hook `BeforeClearDocument' on input line 785.
Package babel Info: Redefining dutch shorthand "|
(babel)             in language  on input line 785.
Package babel Info: Redefining dutch shorthand "~
(babel)             in language  on input line 785.
Package babel Info: Redefining dutch shorthand "|
(babel)             in language  on input line 785.
Package babel Info: Redefining dutch shorthand "~
(babel)             in language  on input line 785.
 [21 <Z:/Versterker/documentation/document/figs/volledig_schema.pdf>]
Package atveryend Info: Empty hook `AfterLastShipout' on input line 785.
 (Z:\Versterker\documentation\document\document.aux)
Package atveryend Info: Executing hook `AtVeryEndDocument' on input line 785.
Package atveryend Info: Executing hook `AtEndAfterFileList' on input line 785.
Package rerunfilecheck Info: File `document.out' has not changed.
(rerunfilecheck)             Checksum: A85B7611F4FEFA5892B90D7C7E194CAD;1314.
Package atveryend Info: Empty hook `AtVeryVeryEnd' on input line 785.
 ) 
Here is how much of TeX's memory you used:
 8204 strings out of 493706
 122328 string characters out of 3142144
 225960 words of memory out of 3000000
 11248 multiletter control sequences out of 15000+200000
 20023 words of font info for 47 fonts, out of 3000000 for 9000
 1025 hyphenation exceptions out of 8191
 36i,12n,38p,883b,501s stack positions out of 5000i,500n,10000p,200000b,50000s
 <C:\Users\jules.hammenecker\AppData\Local\MiKTeX\2.9\fonts\pk\ljfour\jknappe
n\ec\dpi600\ecbi1000.pk> <C:\Users\jules.hammenecker\AppData\Local\MiKTeX\2.9\f
onts\pk\ljfour\jknappen\ec\dpi600\ecti1000.pk> <C:\Users\jules.hammenecker\AppD
ata\Local\MiKTeX\2.9\fonts\pk\ljfour\jknappen\ec\dpi600\ecbx1200.pk> <C:\Users\
jules.hammenecker\AppData\Local\MiKTeX\2.9\fonts\pk\ljfour\jknappen\ec\dpi600\e
cbx0900.pk> <C:\Users\jules.hammenecker\AppData\Local\MiKTeX\2.9\fonts\pk\ljfou
r\jknappen\ec\dpi600\ecrm0900.pk> <C:\Users\jules.hammenecker\AppData\Local\MiK
TeX\2.9\fonts\pk\ljfour\jknappen\ec\dpi600\ecrm0800.pk> <C:\Users\jules.hammene
cker\AppData\Local\MiKTeX\2.9\fonts\pk\ljfour\jknappen\ec\dpi600\ecrm0600.pk> <
C:\Users\jules.hammenecker\AppData\Local\MiKTeX\2.9\fonts\pk\ljfour\jknappen\ec
\dpi600\ecrm0700.pk> <C:\Users\jules.hammenecker\AppData\Local\MiKTeX\2.9\fonts
\pk\ljfour\jknappen\ec\dpi600\ecbx1000.pk> <C:\Users\jules.hammenecker\AppData\
Local\MiKTeX\2.9\fonts\pk\ljfour\jknappen\ec\dpi600\ecbx1440.pk> <C:\Users\jule
s.hammenecker\AppData\Local\MiKTeX\2.9\fonts\pk\ljfour\jknappen\ec\dpi600\ecrm1
000.pk> <C:\Users\jules.hammenecker\AppData\Local\MiKTeX\2.9\fonts\pk\ljfour\jk
nappen\ec\dpi600\ecrm1200.pk> <C:\Users\jules.hammenecker\AppData\Local\MiKTeX\
2.9\fonts\pk\ljfour\jknappen\ec\dpi600\ecrm1728.pk><C:/Program Files (x86)/MiKT
eX 2.9/fonts/type1/public/amsfonts/cm/cmex10.pfb><C:/Program Files (x86)/MiKTeX
 2.9/fonts/type1/public/amsfonts/cm/cmmi10.pfb><C:/Program Files (x86)/MiKTeX 2
.9/fonts/type1/public/amsfonts/cm/cmmi5.pfb><C:/Program Files (x86)/MiKTeX 2.9/
fonts/type1/public/amsfonts/cm/cmmi6.pfb><C:/Program Files (x86)/MiKTeX 2.9/fon
ts/type1/public/amsfonts/cm/cmmi7.pfb><C:/Program Files (x86)/MiKTeX 2.9/fonts/
type1/public/amsfonts/cm/cmmi8.pfb><C:/Program Files (x86)/MiKTeX 2.9/fonts/typ
e1/public/amsfonts/cm/cmmi9.pfb><C:/Program Files (x86)/MiKTeX 2.9/fonts/type1/
public/amsfonts/cm/cmr10.pfb><C:/Program Files (x86)/MiKTeX 2.9/fonts/type1/pub
lic/amsfonts/cm/cmr5.pfb><C:/Program Files (x86)/MiKTeX 2.9/fonts/type1/public/
amsfonts/cm/cmr6.pfb><C:/Program Files (x86)/MiKTeX 2.9/fonts/type1/public/amsf
onts/cm/cmr7.pfb><C:/Program Files (x86)/MiKTeX 2.9/fonts/type1/public/amsfonts
/cm/cmr8.pfb><C:/Program Files (x86)/MiKTeX 2.9/fonts/type1/public/amsfonts/cm/
cmr9.pfb><C:/Program Files (x86)/MiKTeX 2.9/fonts/type1/public/amsfonts/cm/cmsy
10.pfb><C:/Program Files (x86)/MiKTeX 2.9/fonts/type1/public/amsfonts/cm/cmsy7.
pfb><C:/Program Files (x86)/MiKTeX 2.9/fonts/type1/public/amsfonts/cm/cmsy8.pfb
><C:/Program Files (x86)/MiKTeX 2.9/fonts/type1/public/amsfonts/cm/cmsy9.pfb>
Output written on document.pdf (21 pages, 1029256 bytes).
PDF statistics:
 1601 PDF objects out of 1728 (max. 8388607)
 159 named destinations out of 1000 (max. 500000)
 310 words of extra memory for PDF output out of 10000 (max. 10000000)

